{"C:\\Users\\USUARIO\\Desktop\\api-pizzeria\\src\\features\\auth\\service\\auth.service.ts": {"path":"C:\\Users\\USUARIO\\Desktop\\api-pizzeria\\src\\features\\auth\\service\\auth.service.ts","statementMap":{"0":{"start":{"line":1,"column":0},"end":{"line":1,"column":28}},"1":{"start":{"line":2,"column":0},"end":{"line":2,"column":28}},"2":{"start":{"line":3,"column":0},"end":{"line":3,"column":64}},"3":{"start":{"line":4,"column":0},"end":{"line":4,"column":53}},"4":{"start":{"line":6,"column":0},"end":{"line":6,"column":93}},"5":{"start":{"line":16,"column":25},"end":{"line":16,"column":55}},"6":{"start":{"line":17,"column":25},"end":{"line":17,"column":51}},"7":{"start":{"line":20,"column":12},"end":{"line":33,"column":5}},"8":{"start":{"line":21,"column":21},"end":{"line":21,"column":70}},"9":{"start":{"line":22,"column":8},"end":{"line":24,"column":9}},"10":{"start":{"line":23,"column":12},"end":{"line":23,"column":95}},"11":{"start":{"line":25,"column":32},"end":{"line":25,"column":82}},"12":{"start":{"line":26,"column":8},"end":{"line":28,"column":9}},"13":{"start":{"line":27,"column":12},"end":{"line":27,"column":95}},"14":{"start":{"line":29,"column":28},"end":{"line":29,"column":56}},"15":{"start":{"line":30,"column":29},"end":{"line":30,"column":58}},"16":{"start":{"line":31,"column":8},"end":{"line":31,"column":76}},"17":{"start":{"line":32,"column":8},"end":{"line":32,"column":45}},"18":{"start":{"line":35,"column":15},"end":{"line":48,"column":5}},"19":{"start":{"line":36,"column":29},"end":{"line":36,"column":78}},"20":{"start":{"line":37,"column":8},"end":{"line":39,"column":9}},"21":{"start":{"line":38,"column":12},"end":{"line":38,"column":96}},"22":{"start":{"line":40,"column":31},"end":{"line":40,"column":67}},"23":{"start":{"line":41,"column":21},"end":{"line":46,"column":10}},"24":{"start":{"line":47,"column":8},"end":{"line":47,"column":20}},"25":{"start":{"line":50,"column":21},"end":{"line":60,"column":5}},"26":{"start":{"line":51,"column":21},"end":{"line":51,"column":70}},"27":{"start":{"line":52,"column":8},"end":{"line":52,"column":26}},"28":{"start":{"line":52,"column":19},"end":{"line":52,"column":26}},"29":{"start":{"line":53,"column":22},"end":{"line":53,"column":60}},"30":{"start":{"line":54,"column":23},"end":{"line":54,"column":60}},"31":{"start":{"line":55,"column":8},"end":{"line":58,"column":11}},"32":{"start":{"line":59,"column":8},"end":{"line":59,"column":74}},"33":{"start":{"line":62,"column":20},"end":{"line":76,"column":5}},"34":{"start":{"line":63,"column":21},"end":{"line":63,"column":75}},"35":{"start":{"line":64,"column":8},"end":{"line":66,"column":9}},"36":{"start":{"line":65,"column":12},"end":{"line":65,"column":88}},"37":{"start":{"line":67,"column":8},"end":{"line":69,"column":9}},"38":{"start":{"line":68,"column":12},"end":{"line":68,"column":88}},"39":{"start":{"line":70,"column":31},"end":{"line":70,"column":70}},"40":{"start":{"line":71,"column":8},"end":{"line":75,"column":11}},"41":{"start":{"line":78,"column":19},"end":{"line":91,"column":5}},"42":{"start":{"line":79,"column":24},"end":{"line":79,"column":54}},"43":{"start":{"line":80,"column":21},"end":{"line":80,"column":71}},"44":{"start":{"line":81,"column":8},"end":{"line":83,"column":9}},"45":{"start":{"line":82,"column":12},"end":{"line":82,"column":97}},"46":{"start":{"line":84,"column":31},"end":{"line":84,"column":59}},"47":{"start":{"line":85,"column":32},"end":{"line":85,"column":61}},"48":{"start":{"line":86,"column":8},"end":{"line":86,"column":79}},"49":{"start":{"line":87,"column":8},"end":{"line":90,"column":10}},"50":{"start":{"line":93,"column":13},"end":{"line":95,"column":5}},"51":{"start":{"line":94,"column":8},"end":{"line":94,"column":67}},"52":{"start":{"line":14,"column":0},"end":{"line":14,"column":13}}},"fnMap":{"0":{"name":"(anonymous_1)","decl":{"start":{"line":15,"column":4},"end":{"line":15,"column":null}},"loc":{"start":{"line":17,"column":51},"end":{"line":18,"column":8}}},"1":{"name":"(anonymous_2)","decl":{"start":{"line":20,"column":12},"end":{"line":20,"column":17}},"loc":{"start":{"line":20,"column":64},"end":{"line":33,"column":5}}},"2":{"name":"(anonymous_3)","decl":{"start":{"line":35,"column":15},"end":{"line":35,"column":20}},"loc":{"start":{"line":35,"column":73},"end":{"line":48,"column":5}}},"3":{"name":"(anonymous_4)","decl":{"start":{"line":50,"column":21},"end":{"line":50,"column":26}},"loc":{"start":{"line":50,"column":55},"end":{"line":60,"column":5}}},"4":{"name":"(anonymous_5)","decl":{"start":{"line":62,"column":20},"end":{"line":62,"column":25}},"loc":{"start":{"line":62,"column":53},"end":{"line":76,"column":5}}},"5":{"name":"(anonymous_6)","decl":{"start":{"line":78,"column":19},"end":{"line":78,"column":24}},"loc":{"start":{"line":78,"column":78},"end":{"line":91,"column":5}}},"6":{"name":"(anonymous_7)","decl":{"start":{"line":93,"column":13},"end":{"line":93,"column":18}},"loc":{"start":{"line":93,"column":38},"end":{"line":95,"column":5}}}},"branchMap":{"0":{"loc":{"start":{"line":22,"column":8},"end":{"line":24,"column":9}},"type":"if","locations":[{"start":{"line":22,"column":8},"end":{"line":24,"column":9}},{"start":{},"end":{}}]},"1":{"loc":{"start":{"line":26,"column":8},"end":{"line":28,"column":9}},"type":"if","locations":[{"start":{"line":26,"column":8},"end":{"line":28,"column":9}},{"start":{},"end":{}}]},"2":{"loc":{"start":{"line":37,"column":8},"end":{"line":39,"column":9}},"type":"if","locations":[{"start":{"line":37,"column":8},"end":{"line":39,"column":9}},{"start":{},"end":{}}]},"3":{"loc":{"start":{"line":52,"column":8},"end":{"line":52,"column":26}},"type":"if","locations":[{"start":{"line":52,"column":8},"end":{"line":52,"column":26}},{"start":{},"end":{}}]},"4":{"loc":{"start":{"line":64,"column":8},"end":{"line":66,"column":9}},"type":"if","locations":[{"start":{"line":64,"column":8},"end":{"line":66,"column":9}},{"start":{},"end":{}}]},"5":{"loc":{"start":{"line":64,"column":12},"end":{"line":64,"column":43}},"type":"binary-expr","locations":[{"start":{"line":64,"column":12},"end":{"line":64,"column":17}},{"start":{"line":64,"column":21},"end":{"line":64,"column":43}}]},"6":{"loc":{"start":{"line":67,"column":8},"end":{"line":69,"column":9}},"type":"if","locations":[{"start":{"line":67,"column":8},"end":{"line":69,"column":9}},{"start":{},"end":{}}]},"7":{"loc":{"start":{"line":81,"column":8},"end":{"line":83,"column":9}},"type":"if","locations":[{"start":{"line":81,"column":8},"end":{"line":83,"column":9}},{"start":{},"end":{}}]},"8":{"loc":{"start":{"line":81,"column":12},"end":{"line":81,"column":60}},"type":"binary-expr","locations":[{"start":{"line":81,"column":12},"end":{"line":81,"column":17}},{"start":{"line":81,"column":21},"end":{"line":81,"column":60}}]}},"s":{"0":1,"1":1,"2":1,"3":1,"4":1,"5":14,"6":14,"7":14,"8":3,"9":3,"10":1,"11":2,"12":2,"13":1,"14":1,"15":1,"16":1,"17":1,"18":14,"19":2,"20":2,"21":1,"22":1,"23":1,"24":1,"25":14,"26":2,"27":2,"28":1,"29":1,"30":1,"31":1,"32":1,"33":14,"34":4,"35":4,"36":2,"37":2,"38":1,"39":1,"40":1,"41":14,"42":2,"43":2,"44":2,"45":1,"46":1,"47":1,"48":1,"49":1,"50":14,"51":1,"52":1},"f":{"0":14,"1":3,"2":2,"3":2,"4":4,"5":2,"6":1},"b":{"0":[1,2],"1":[1,1],"2":[1,1],"3":[1,1],"4":[2,2],"5":[4,3],"6":[1,1],"7":[1,1],"8":[2,1]}}
,"C:\\Users\\USUARIO\\Desktop\\api-pizzeria\\src\\features\\profile\\service\\profile.service.ts": {"path":"C:\\Users\\USUARIO\\Desktop\\api-pizzeria\\src\\features\\profile\\service\\profile.service.ts","statementMap":{"0":{"start":{"line":1,"column":0},"end":{"line":1,"column":64}},"1":{"start":{"line":2,"column":0},"end":{"line":2,"column":53}},"2":{"start":{"line":10,"column":25},"end":{"line":10,"column":61}},"3":{"start":{"line":11,"column":25},"end":{"line":11,"column":55}},"4":{"start":{"line":14,"column":17},"end":{"line":26,"column":5}},"5":{"start":{"line":15,"column":21},"end":{"line":15,"column":66}},"6":{"start":{"line":16,"column":8},"end":{"line":18,"column":9}},"7":{"start":{"line":17,"column":12},"end":{"line":17,"column":91}},"8":{"start":{"line":19,"column":8},"end":{"line":25,"column":10}},"9":{"start":{"line":28,"column":20},"end":{"line":44,"column":5}},"10":{"start":{"line":32,"column":21},"end":{"line":32,"column":66}},"11":{"start":{"line":33,"column":8},"end":{"line":35,"column":9}},"12":{"start":{"line":34,"column":12},"end":{"line":34,"column":91}},"13":{"start":{"line":36,"column":28},"end":{"line":36,"column":84}},"14":{"start":{"line":37,"column":8},"end":{"line":43,"column":10}},"15":{"start":{"line":46,"column":19},"end":{"line":66,"column":5}},"16":{"start":{"line":50,"column":21},"end":{"line":50,"column":66}},"17":{"start":{"line":51,"column":8},"end":{"line":53,"column":9}},"18":{"start":{"line":52,"column":12},"end":{"line":52,"column":91}},"19":{"start":{"line":54,"column":29},"end":{"line":54,"column":89}},"20":{"start":{"line":55,"column":28},"end":{"line":57,"column":null}},"21":{"start":{"line":59,"column":8},"end":{"line":65,"column":10}},"22":{"start":{"line":8,"column":0},"end":{"line":8,"column":13}}},"fnMap":{"0":{"name":"(anonymous_0)","decl":{"start":{"line":9,"column":4},"end":{"line":9,"column":null}},"loc":{"start":{"line":11,"column":55},"end":{"line":12,"column":8}}},"1":{"name":"(anonymous_1)","decl":{"start":{"line":14,"column":17},"end":{"line":14,"column":22}},"loc":{"start":{"line":14,"column":71},"end":{"line":26,"column":5}}},"2":{"name":"(anonymous_2)","decl":{"start":{"line":28,"column":20},"end":{"line":28,"column":25}},"loc":{"start":{"line":31,"column":37},"end":{"line":44,"column":5}}},"3":{"name":"(anonymous_3)","decl":{"start":{"line":46,"column":19},"end":{"line":46,"column":24}},"loc":{"start":{"line":49,"column":37},"end":{"line":66,"column":5}}}},"branchMap":{"0":{"loc":{"start":{"line":16,"column":8},"end":{"line":18,"column":9}},"type":"if","locations":[{"start":{"line":16,"column":8},"end":{"line":18,"column":9}},{"start":{},"end":{}}]},"1":{"loc":{"start":{"line":33,"column":8},"end":{"line":35,"column":9}},"type":"if","locations":[{"start":{"line":33,"column":8},"end":{"line":35,"column":9}},{"start":{},"end":{}}]},"2":{"loc":{"start":{"line":51,"column":8},"end":{"line":53,"column":9}},"type":"if","locations":[{"start":{"line":51,"column":8},"end":{"line":53,"column":9}},{"start":{},"end":{}}]}},"s":{"0":1,"1":1,"2":6,"3":6,"4":6,"5":2,"6":2,"7":1,"8":1,"9":6,"10":2,"11":2,"12":1,"13":1,"14":1,"15":6,"16":2,"17":2,"18":1,"19":1,"20":1,"21":1,"22":1},"f":{"0":6,"1":2,"2":2,"3":2},"b":{"0":[1,1],"1":[1,1],"2":[1,1]}}
,"C:\\Users\\USUARIO\\Desktop\\api-pizzeria\\src\\features\\stores\\service\\store.service.ts": {"path":"C:\\Users\\USUARIO\\Desktop\\api-pizzeria\\src\\features\\stores\\service\\store.service.ts","statementMap":{"0":{"start":{"line":1,"column":0},"end":{"line":1,"column":64}},"1":{"start":{"line":2,"column":0},"end":{"line":2,"column":53}},"2":{"start":{"line":7,"column":33},"end":{"line":7,"column":65}},"3":{"start":{"line":9,"column":16},"end":{"line":20,"column":5}},"4":{"start":{"line":10,"column":34},"end":{"line":10,"column":81}},"5":{"start":{"line":11,"column":8},"end":{"line":19,"column":10}},"6":{"start":{"line":12,"column":41},"end":{"line":17,"column":14}},"7":{"start":{"line":22,"column":19},"end":{"line":41,"column":5}},"8":{"start":{"line":23,"column":22},"end":{"line":23,"column":61}},"9":{"start":{"line":24,"column":8},"end":{"line":26,"column":9}},"10":{"start":{"line":25,"column":12},"end":{"line":25,"column":92}},"11":{"start":{"line":27,"column":8},"end":{"line":40,"column":10}},"12":{"start":{"line":33,"column":49},"end":{"line":39,"column":14}},"13":{"start":{"line":6,"column":0},"end":{"line":6,"column":13}}},"fnMap":{"0":{"name":"(anonymous_0)","decl":{"start":{"line":7,"column":4},"end":{"line":7,"column":33}},"loc":{"start":{"line":7,"column":65},"end":{"line":7,"column":69}}},"1":{"name":"(anonymous_1)","decl":{"start":{"line":9,"column":16},"end":{"line":9,"column":21}},"loc":{"start":{"line":9,"column":74},"end":{"line":20,"column":5}}},"2":{"name":"(anonymous_2)","decl":{"start":{"line":12,"column":29},"end":{"line":12,"column":30}},"loc":{"start":{"line":12,"column":41},"end":{"line":17,"column":14}}},"3":{"name":"(anonymous_3)","decl":{"start":{"line":22,"column":19},"end":{"line":22,"column":24}},"loc":{"start":{"line":22,"column":74},"end":{"line":41,"column":5}}},"4":{"name":"(anonymous_4)","decl":{"start":{"line":33,"column":37},"end":{"line":33,"column":38}},"loc":{"start":{"line":33,"column":49},"end":{"line":39,"column":14}}}},"branchMap":{"0":{"loc":{"start":{"line":24,"column":8},"end":{"line":26,"column":9}},"type":"if","locations":[{"start":{"line":24,"column":8},"end":{"line":26,"column":9}},{"start":{},"end":{}}]}},"s":{"0":1,"1":1,"2":5,"3":5,"4":3,"5":3,"6":4,"7":5,"8":2,"9":2,"10":1,"11":1,"12":1,"13":1},"f":{"0":5,"1":3,"2":4,"3":2,"4":1},"b":{"0":[1,1]}}
,"C:\\Users\\USUARIO\\Desktop\\api-pizzeria\\src\\shared\\errors\\app-error.ts": {"path":"C:\\Users\\USUARIO\\Desktop\\api-pizzeria\\src\\shared\\errors\\app-error.ts","statementMap":{"0":{"start":{"line":6,"column":8},"end":{"line":6,"column":23}},"1":{"start":{"line":3,"column":24},"end":{"line":3,"column":38}},"2":{"start":{"line":1,"column":0},"end":{"line":1,"column":13}}},"fnMap":{"0":{"name":"(anonymous_0)","decl":{"start":{"line":2,"column":4},"end":{"line":2,"column":null}},"loc":{"start":{"line":4,"column":23},"end":{"line":7,"column":5}}}},"branchMap":{},"s":{"0":11,"1":11,"2":4},"f":{"0":11},"b":{}}
,"C:\\Users\\USUARIO\\Desktop\\api-pizzeria\\src\\shared\\errors\\error-codes.ts": {"path":"C:\\Users\\USUARIO\\Desktop\\api-pizzeria\\src\\shared\\errors\\error-codes.ts","statementMap":{"0":{"start":{"line":1,"column":13},"end":{"line":36,"column":11}}},"fnMap":{},"branchMap":{},"s":{"0":4},"f":{},"b":{}}
,"C:\\Users\\USUARIO\\Desktop\\api-pizzeria\\src\\shared\\errors\\zod-error.ts": {"path":"C:\\Users\\USUARIO\\Desktop\\api-pizzeria\\src\\shared\\errors\\zod-error.ts","statementMap":{"0":{"start":{"line":5,"column":31},"end":{"line":14,"column":1}},"1":{"start":{"line":6,"column":4},"end":{"line":13,"column":11}},"2":{"start":{"line":7,"column":22},"end":{"line":7,"column":42}},"3":{"start":{"line":8,"column":8},"end":{"line":10,"column":9}},"4":{"start":{"line":9,"column":12},"end":{"line":9,"column":28}},"5":{"start":{"line":11,"column":8},"end":{"line":11,"column":39}},"6":{"start":{"line":12,"column":8},"end":{"line":12,"column":19}},"7":{"start":{"line":5,"column":13},"end":{"line":5,"column":31}}},"fnMap":{"0":{"name":"(anonymous_0)","decl":{"start":{"line":5,"column":31},"end":{"line":5,"column":32}},"loc":{"start":{"line":5,"column":80},"end":{"line":14,"column":1}}},"1":{"name":"(anonymous_1)","decl":{"start":{"line":6,"column":43},"end":{"line":6,"column":44}},"loc":{"start":{"line":6,"column":58},"end":{"line":13,"column":5}}}},"branchMap":{"0":{"loc":{"start":{"line":8,"column":8},"end":{"line":10,"column":9}},"type":"if","locations":[{"start":{"line":8,"column":8},"end":{"line":10,"column":9}},{"start":{},"end":{}}]}},"s":{"0":4,"1":3,"2":4,"3":4,"4":3,"5":4,"6":4,"7":4},"f":{"0":3,"1":4},"b":{"0":[3,1]}}
,"C:\\Users\\USUARIO\\Desktop\\api-pizzeria\\src\\shared\\http\\status.ts": {"path":"C:\\Users\\USUARIO\\Desktop\\api-pizzeria\\src\\shared\\http\\status.ts","statementMap":{"0":{"start":{"line":1,"column":13},"end":{"line":13,"column":11}}},"fnMap":{},"branchMap":{},"s":{"0":3},"f":{},"b":{}}
}
