{"C:\\Users\\USUARIO\\Desktop\\api-pizzeria\\src\\features\\profile\\service\\profile.service.ts": {"path":"C:\\Users\\USUARIO\\Desktop\\api-pizzeria\\src\\features\\profile\\service\\profile.service.ts","statementMap":{"0":{"start":{"line":1,"column":0},"end":{"line":1,"column":64}},"1":{"start":{"line":2,"column":0},"end":{"line":2,"column":53}},"2":{"start":{"line":10,"column":25},"end":{"line":10,"column":61}},"3":{"start":{"line":11,"column":25},"end":{"line":11,"column":55}},"4":{"start":{"line":14,"column":17},"end":{"line":26,"column":5}},"5":{"start":{"line":15,"column":21},"end":{"line":15,"column":66}},"6":{"start":{"line":16,"column":8},"end":{"line":18,"column":9}},"7":{"start":{"line":17,"column":12},"end":{"line":17,"column":91}},"8":{"start":{"line":19,"column":8},"end":{"line":25,"column":10}},"9":{"start":{"line":28,"column":20},"end":{"line":44,"column":5}},"10":{"start":{"line":32,"column":21},"end":{"line":32,"column":66}},"11":{"start":{"line":33,"column":8},"end":{"line":35,"column":9}},"12":{"start":{"line":34,"column":12},"end":{"line":34,"column":91}},"13":{"start":{"line":36,"column":28},"end":{"line":36,"column":84}},"14":{"start":{"line":37,"column":8},"end":{"line":43,"column":10}},"15":{"start":{"line":46,"column":19},"end":{"line":66,"column":5}},"16":{"start":{"line":50,"column":21},"end":{"line":50,"column":66}},"17":{"start":{"line":51,"column":8},"end":{"line":53,"column":9}},"18":{"start":{"line":52,"column":12},"end":{"line":52,"column":91}},"19":{"start":{"line":54,"column":29},"end":{"line":54,"column":89}},"20":{"start":{"line":55,"column":28},"end":{"line":57,"column":null}},"21":{"start":{"line":59,"column":8},"end":{"line":65,"column":10}},"22":{"start":{"line":8,"column":0},"end":{"line":8,"column":13}}},"fnMap":{"0":{"name":"(anonymous_0)","decl":{"start":{"line":9,"column":4},"end":{"line":9,"column":null}},"loc":{"start":{"line":11,"column":55},"end":{"line":12,"column":8}}},"1":{"name":"(anonymous_1)","decl":{"start":{"line":14,"column":17},"end":{"line":14,"column":22}},"loc":{"start":{"line":14,"column":71},"end":{"line":26,"column":5}}},"2":{"name":"(anonymous_2)","decl":{"start":{"line":28,"column":20},"end":{"line":28,"column":25}},"loc":{"start":{"line":31,"column":37},"end":{"line":44,"column":5}}},"3":{"name":"(anonymous_3)","decl":{"start":{"line":46,"column":19},"end":{"line":46,"column":24}},"loc":{"start":{"line":49,"column":37},"end":{"line":66,"column":5}}}},"branchMap":{"0":{"loc":{"start":{"line":16,"column":8},"end":{"line":18,"column":9}},"type":"if","locations":[{"start":{"line":16,"column":8},"end":{"line":18,"column":9}},{"start":{},"end":{}}]},"1":{"loc":{"start":{"line":33,"column":8},"end":{"line":35,"column":9}},"type":"if","locations":[{"start":{"line":33,"column":8},"end":{"line":35,"column":9}},{"start":{},"end":{}}]},"2":{"loc":{"start":{"line":51,"column":8},"end":{"line":53,"column":9}},"type":"if","locations":[{"start":{"line":51,"column":8},"end":{"line":53,"column":9}},{"start":{},"end":{}}]}},"s":{"0":1,"1":1,"2":6,"3":6,"4":6,"5":2,"6":2,"7":1,"8":1,"9":6,"10":2,"11":2,"12":1,"13":1,"14":1,"15":6,"16":2,"17":2,"18":1,"19":1,"20":1,"21":1,"22":1},"f":{"0":6,"1":2,"2":2,"3":2},"b":{"0":[1,1],"1":[1,1],"2":[1,1]}}
,"C:\\Users\\USUARIO\\Desktop\\api-pizzeria\\src\\shared\\errors\\app-error.ts": {"path":"C:\\Users\\USUARIO\\Desktop\\api-pizzeria\\src\\shared\\errors\\app-error.ts","statementMap":{"0":{"start":{"line":6,"column":8},"end":{"line":6,"column":23}},"1":{"start":{"line":3,"column":24},"end":{"line":3,"column":38}},"2":{"start":{"line":1,"column":0},"end":{"line":1,"column":13}}},"fnMap":{"0":{"name":"(anonymous_0)","decl":{"start":{"line":2,"column":4},"end":{"line":2,"column":null}},"loc":{"start":{"line":4,"column":23},"end":{"line":7,"column":5}}}},"branchMap":{},"s":{"0":3,"1":3,"2":1},"f":{"0":3},"b":{}}
,"C:\\Users\\USUARIO\\Desktop\\api-pizzeria\\src\\shared\\errors\\error-codes.ts": {"path":"C:\\Users\\USUARIO\\Desktop\\api-pizzeria\\src\\shared\\errors\\error-codes.ts","statementMap":{"0":{"start":{"line":1,"column":13},"end":{"line":36,"column":11}}},"fnMap":{},"branchMap":{},"s":{"0":1},"f":{},"b":{}}
,"C:\\Users\\USUARIO\\Desktop\\api-pizzeria\\src\\shared\\errors\\zod-error.ts": {"path":"C:\\Users\\USUARIO\\Desktop\\api-pizzeria\\src\\shared\\errors\\zod-error.ts","statementMap":{"0":{"start":{"line":5,"column":31},"end":{"line":14,"column":1}},"1":{"start":{"line":6,"column":4},"end":{"line":13,"column":11}},"2":{"start":{"line":7,"column":22},"end":{"line":7,"column":42}},"3":{"start":{"line":8,"column":8},"end":{"line":10,"column":9}},"4":{"start":{"line":9,"column":12},"end":{"line":9,"column":28}},"5":{"start":{"line":11,"column":8},"end":{"line":11,"column":39}},"6":{"start":{"line":12,"column":8},"end":{"line":12,"column":19}},"7":{"start":{"line":5,"column":13},"end":{"line":5,"column":31}}},"fnMap":{"0":{"name":"(anonymous_0)","decl":{"start":{"line":5,"column":31},"end":{"line":5,"column":32}},"loc":{"start":{"line":5,"column":80},"end":{"line":14,"column":1}}},"1":{"name":"(anonymous_1)","decl":{"start":{"line":6,"column":43},"end":{"line":6,"column":44}},"loc":{"start":{"line":6,"column":58},"end":{"line":13,"column":5}}}},"branchMap":{"0":{"loc":{"start":{"line":8,"column":8},"end":{"line":10,"column":9}},"type":"if","locations":[{"start":{"line":8,"column":8},"end":{"line":10,"column":9}},{"start":{},"end":{}}]}},"s":{"0":1,"1":0,"2":0,"3":0,"4":0,"5":0,"6":0,"7":1},"f":{"0":0,"1":0},"b":{"0":[0,0]}}
,"C:\\Users\\USUARIO\\Desktop\\api-pizzeria\\src\\shared\\http\\status.ts": {"path":"C:\\Users\\USUARIO\\Desktop\\api-pizzeria\\src\\shared\\http\\status.ts","statementMap":{"0":{"start":{"line":1,"column":13},"end":{"line":13,"column":11}}},"fnMap":{},"branchMap":{},"s":{"0":1},"f":{},"b":{}}
}
