TN:
SF:src\features\auth\service\auth.service.ts
FN:15,(anonymous_1)
FN:20,(anonymous_2)
FN:35,(anonymous_3)
FN:50,(anonymous_4)
FN:62,(anonymous_5)
FN:78,(anonymous_6)
FN:93,(anonymous_7)
FNF:7
FNH:7
FNDA:14,(anonymous_1)
FNDA:3,(anonymous_2)
FNDA:2,(anonymous_3)
FNDA:2,(anonymous_4)
FNDA:4,(anonymous_5)
FNDA:2,(anonymous_6)
FNDA:1,(anonymous_7)
DA:1,1
DA:2,1
DA:3,1
DA:4,1
DA:6,1
DA:14,1
DA:16,14
DA:17,14
DA:20,14
DA:21,3
DA:22,3
DA:23,1
DA:25,2
DA:26,2
DA:27,1
DA:29,1
DA:30,1
DA:31,1
DA:32,1
DA:35,14
DA:36,2
DA:37,2
DA:38,1
DA:40,1
DA:41,1
DA:47,1
DA:50,14
DA:51,2
DA:52,2
DA:53,1
DA:54,1
DA:55,1
DA:59,1
DA:62,14
DA:63,4
DA:64,4
DA:65,2
DA:67,2
DA:68,1
DA:70,1
DA:71,1
DA:78,14
DA:79,2
DA:80,2
DA:81,2
DA:82,1
DA:84,1
DA:85,1
DA:86,1
DA:87,1
DA:93,14
DA:94,1
LF:52
LH:52
BRDA:22,0,0,1
BRDA:22,0,1,2
BRDA:26,1,0,1
BRDA:26,1,1,1
BRDA:37,2,0,1
BRDA:37,2,1,1
BRDA:52,3,0,1
BRDA:52,3,1,1
BRDA:64,4,0,2
BRDA:64,4,1,2
BRDA:64,5,0,4
BRDA:64,5,1,3
BRDA:67,6,0,1
BRDA:67,6,1,1
BRDA:81,7,0,1
BRDA:81,7,1,1
BRDA:81,8,0,2
BRDA:81,8,1,1
BRF:18
BRH:18
end_of_record
TN:
SF:src\features\profile\service\profile.service.ts
FN:9,(anonymous_0)
FN:14,(anonymous_1)
FN:28,(anonymous_2)
FN:46,(anonymous_3)
FNF:4
FNH:4
FNDA:6,(anonymous_0)
FNDA:2,(anonymous_1)
FNDA:2,(anonymous_2)
FNDA:2,(anonymous_3)
DA:1,1
DA:2,1
DA:8,1
DA:10,6
DA:11,6
DA:14,6
DA:15,2
DA:16,2
DA:17,1
DA:19,1
DA:28,6
DA:32,2
DA:33,2
DA:34,1
DA:36,1
DA:37,1
DA:46,6
DA:50,2
DA:51,2
DA:52,1
DA:54,1
DA:55,1
DA:59,1
LF:23
LH:23
BRDA:16,0,0,1
BRDA:16,0,1,1
BRDA:33,1,0,1
BRDA:33,1,1,1
BRDA:51,2,0,1
BRDA:51,2,1,1
BRF:6
BRH:6
end_of_record
TN:
SF:src\features\stores\service\store.service.ts
FN:7,(anonymous_0)
FN:9,(anonymous_1)
FN:12,(anonymous_2)
FN:22,(anonymous_3)
FN:33,(anonymous_4)
FNF:5
FNH:5
FNDA:5,(anonymous_0)
FNDA:3,(anonymous_1)
FNDA:4,(anonymous_2)
FNDA:2,(anonymous_3)
FNDA:1,(anonymous_4)
DA:1,1
DA:2,1
DA:6,1
DA:7,5
DA:9,5
DA:10,3
DA:11,3
DA:12,4
DA:22,5
DA:23,2
DA:24,2
DA:25,1
DA:27,1
DA:33,1
LF:14
LH:14
BRDA:24,0,0,1
BRDA:24,0,1,1
BRF:2
BRH:2
end_of_record
TN:
SF:src\shared\errors\app-error.ts
FN:2,(anonymous_0)
FNF:1
FNH:1
FNDA:11,(anonymous_0)
DA:1,4
DA:3,11
DA:6,11
LF:3
LH:3
BRF:0
BRH:0
end_of_record
TN:
SF:src\shared\errors\error-codes.ts
FNF:0
FNH:0
DA:1,4
LF:1
LH:1
BRF:0
BRH:0
end_of_record
TN:
SF:src\shared\errors\zod-error.ts
FN:5,(anonymous_0)
FN:6,(anonymous_1)
FNF:2
FNH:2
FNDA:3,(anonymous_0)
FNDA:4,(anonymous_1)
DA:5,4
DA:6,3
DA:7,4
DA:8,4
DA:9,3
DA:11,4
DA:12,4
LF:7
LH:7
BRDA:8,0,0,3
BRDA:8,0,1,1
BRF:2
BRH:2
end_of_record
TN:
SF:src\shared\http\status.ts
FNF:0
FNH:0
DA:1,3
LF:1
LH:1
BRF:0
BRH:0
end_of_record
